** ECO In Report **

Tue Aug 21 12:03:58 2018

Input  File : C:\Users\Ward\Dropbox\Work\Revolution\RPDG_Hardware\RL0015\eco.eco
Current Job : RL0010_Rev_A.pcb



Line 33 , Section *SPLITNET*
* WARNING: Splitting a Net +24V in desired fashion requires deletion of more than one connection
* Deleting connection U11.7-R25.2 ...
* Deleting connection R25.2-C23.1 ...
* Deleting connection U11.32-C6.1 ...
* WARNING: Added connection between R7.1 C6.1 to keep continuity of net +24V
* WARNING: Added connection between R15.1 U11.10 to keep continuity of net $$$5219
* Warning: deleting single-pin signal UART_A_RXD
* Warning: deleting single-pin signal UART_B_RXD
* Warning: deleting single-pin signal UART_C_RXD
* Warning: deleting single-pin signal UART_D_RXD
* Warning: deleting single-pin signal XADC4
* Warning: deleting single-pin signal XADC5
* Warning: deleting single-pin signal XGPIO4
* Warning: deleting single-pin signal XGPIO5
* Warning: deleting single-pin signal XGPIO6
* Warning: deleting single-pin signal XI2C0_SCL
* Warning: deleting single-pin signal XI2C0_SDA
* Warning: deleting single-pin signal XUART0_RX
