PCB Net List Errors Report - RL0015_Rev_B.sch - Mon Aug 27 16:22:02 2018
-------------------------------------------------------------------------
Design to Library Part Consistency Check
----------------------------------------
No Library consistency checking errors.

Single/Zero Pin Net Warnings
----------------------------
Net XUART0_RX has less than two pins in PCB net list file.
Net UART_A_RXD has less than two pins in PCB net list file.
Net UART_B_RXD has less than two pins in PCB net list file.
Net UART_C_RXD has less than two pins in PCB net list file.
Net UART_D_RXD has less than two pins in PCB net list file.
Net XI2C0_SCL has less than two pins in PCB net list file.
Net XI2C0_SDA has less than two pins in PCB net list file.
Net XADC4 has less than two pins in PCB net list file.
Net XADC5 has less than two pins in PCB net list file.
Net XGPIO4 has less than two pins in PCB net list file.
Net XGPIO5 has less than two pins in PCB net list file.
Net XGPIO6 has less than two pins in PCB net list file.

Schematic Connectivity Errors
-----------------------------

Dangling Connections with a Net Name

+5V
POWER        X10500 Y4700 

LED0_M
OUTPUT_DRIVERS X8900  Y8000 
OUTPUT_DRIVERS X18600 Y2800 

LED0_P
OUTPUT_DRIVERS X8900  Y10300
OUTPUT_DRIVERS X18600 Y2900 

LED1_M
OUTPUT_DRIVERS X8900  Y2100 
OUTPUT_DRIVERS X18600 Y2600 

LED1_P
OUTPUT_DRIVERS X8900  Y4400 
OUTPUT_DRIVERS X18600 Y2700 

LED2_M
OUTPUT_DRIVERS X17400 Y8100 
OUTPUT_DRIVERS X18600 Y2400 

LED2_P
OUTPUT_DRIVERS X17400 Y10400
OUTPUT_DRIVERS X18600 Y2500 

LED3_M
OUTPUT_DRIVERS X17400 Y2200 
OUTPUT_DRIVERS X18600 Y2200 

LED3_P
OUTPUT_DRIVERS X17400 Y4500 
OUTPUT_DRIVERS X18600 Y2300 

UART_A_RXD
OUTPUT_DRIVERS X300   Y3400 

UART_A_TXD
OUTPUT_DRIVERS X300   Y3500 
OUTPUT_DRIVERS X1000  Y9900 

UART_B_RXD
OUTPUT_DRIVERS X300   Y3200 

UART_B_TXD
OUTPUT_DRIVERS X300   Y3300 
OUTPUT_DRIVERS X1000  Y8900 

UART_C_RXD
OUTPUT_DRIVERS X300   Y3000 

UART_C_TXD
OUTPUT_DRIVERS X300   Y3100 
OUTPUT_DRIVERS X9300  Y10000

UART_D_RXD
OUTPUT_DRIVERS X300   Y2800 

UART_D_TXD
OUTPUT_DRIVERS X300   Y2900 
OUTPUT_DRIVERS X9300  Y9000 

XADC0
OUTPUT_DRIVERS X2100  Y3600 
OUTPUT_DRIVERS X10200 Y12300

XADC1
OUTPUT_DRIVERS X2100  Y3500 
OUTPUT_DRIVERS X10200 Y6400 

XADC2
OUTPUT_DRIVERS X2100  Y3400 
OUTPUT_DRIVERS X18600 Y12400

XADC3
OUTPUT_DRIVERS X2100  Y3300 
OUTPUT_DRIVERS X18700 Y6500 

XADC4
OUTPUT_DRIVERS X2100  Y3200 

XADC5
OUTPUT_DRIVERS X2100  Y3100 

XGPIO0
OUTPUT_DRIVERS X3800  Y10600
OUTPUT_DRIVERS X300   Y2500 

XGPIO1
OUTPUT_DRIVERS X3800  Y9600 
OUTPUT_DRIVERS X2100  Y3000 

XGPIO2
OUTPUT_DRIVERS X12300 Y10700
OUTPUT_DRIVERS X2100  Y2900 

XGPIO3
OUTPUT_DRIVERS X12300 Y9700 
OUTPUT_DRIVERS X2100  Y2800 

XGPIO4
OUTPUT_DRIVERS X2100  Y2700 

XGPIO5
OUTPUT_DRIVERS X2100  Y2600 

XGPIO6
OUTPUT_DRIVERS X2100  Y2500 

XI2C0_SCL
OUTPUT_DRIVERS X300   Y2700 

XI2C0_SDA
OUTPUT_DRIVERS X300   Y2600 

XUART0_RX
OUTPUT_DRIVERS X300   Y3600 

XUART0_TX
OUTPUT_DRIVERS X300   Y3700 
OUTPUT_DRIVERS X1000  Y10400
OUTPUT_DRIVERS X1000  Y9400 
OUTPUT_DRIVERS X9300  Y10500
OUTPUT_DRIVERS X9300  Y9500 

Power or Ground Symbols used with wrong Net Name

+24V
OUTPUT_DRIVERS X7700  Y12600 - Power  Symbol used for net: VDD_AP_IO_3P3
OUTPUT_DRIVERS X7700  Y6700  - Power  Symbol used for net: VDD_AP_IO_3P3
OUTPUT_DRIVERS X16200 Y12700 - Power  Symbol used for net: VDD_AP_IO_3P3
OUTPUT_DRIVERS X16200 Y6800  - Power  Symbol used for net: VDD_AP_IO_3P3
POWER        X4300  Y7700  - Power  Symbol used for net: VDD_AP_IO_3P3
POWER        X1800  Y5900  - Power  Symbol used for net: VDD_AP_IO_3P3

+3.3V
OUTPUT_DRIVERS X8300  Y14900 - Power  Symbol used for net: VDD_AP_IO_3P3
OUTPUT_DRIVERS X3200  Y11300 - Power  Symbol used for net: VDD_AP_IO_3P3
OUTPUT_DRIVERS X5100  Y11900 - Power  Symbol used for net: VDD_AP_IO_3P3
OUTPUT_DRIVERS X7200  Y10800 - Power  Symbol used for net: VDD_AP_IO_3P3
OUTPUT_DRIVERS X7200  Y8500  - Power  Symbol used for net: VDD_AP_IO_3P3
OUTPUT_DRIVERS X7200  Y4900  - Power  Symbol used for net: VDD_AP_IO_3P3
OUTPUT_DRIVERS X7200  Y2600  - Power  Symbol used for net: VDD_AP_IO_3P3
OUTPUT_DRIVERS X11700 Y11400 - Power  Symbol used for net: VDD_AP_IO_3P3
OUTPUT_DRIVERS X13600 Y12000 - Power  Symbol used for net: VDD_AP_IO_3P3
OUTPUT_DRIVERS X15700 Y10900 - Power  Symbol used for net: VDD_AP_IO_3P3
OUTPUT_DRIVERS X15700 Y8600  - Power  Symbol used for net: VDD_AP_IO_3P3
OUTPUT_DRIVERS X15700 Y5000  - Power  Symbol used for net: VDD_AP_IO_3P3
OUTPUT_DRIVERS X15700 Y2700  - Power  Symbol used for net: VDD_AP_IO_3P3
OUTPUT_DRIVERS X2000  Y4400  - Power  Symbol used for net: VDD_AP_IO_3P3

+5V
OUTPUT_DRIVERS X9500  Y13300 - Power  Symbol used for net: VDD_AP_IO_3P3
OUTPUT_DRIVERS X9500  Y7200  - Power  Symbol used for net: VDD_AP_IO_3P3
OUTPUT_DRIVERS X18000 Y13400 - Power  Symbol used for net: VDD_AP_IO_3P3
OUTPUT_DRIVERS X18000 Y7300  - Power  Symbol used for net: VDD_AP_IO_3P3
OUTPUT_DRIVERS X1300  Y4400  - Power  Symbol used for net: VDD_AP_IO_3P3

Subnets with Missing Off-Page Reference

+5V
POWER        X8000  Y4600  - Pin: R18.2

LED0_M
OUTPUT_DRIVERS X8100  Y8100  - Pin: U8.4
OUTPUT_DRIVERS X19200 Y2800  - Pin: J1.2

LED0_P
OUTPUT_DRIVERS X8100  Y10300 - Pin: U6.8
OUTPUT_DRIVERS X19200 Y2900  - Pin: J1.1

LED1_M
OUTPUT_DRIVERS X8100  Y2200  - Pin: U9.4
OUTPUT_DRIVERS X19200 Y2600  - Pin: J1.4

LED1_P
OUTPUT_DRIVERS X8100  Y4500  - Pin: U7.4
OUTPUT_DRIVERS X19200 Y2700  - Pin: J1.3

LED2_M
OUTPUT_DRIVERS X16600 Y8200  - Pin: U15.4
OUTPUT_DRIVERS X19200 Y2400  - Pin: J1.6

LED2_P
OUTPUT_DRIVERS X16600 Y10500 - Pin: U12.4
OUTPUT_DRIVERS X19200 Y2500  - Pin: J1.5

LED3_M
OUTPUT_DRIVERS X16600 Y2300  - Pin: U16.4
OUTPUT_DRIVERS X19200 Y2200  - Pin: J1.8

LED3_P
OUTPUT_DRIVERS X16600 Y4600  - Pin: U13.4
OUTPUT_DRIVERS X19200 Y2300  - Pin: J1.7

UART_A_TXD
OUTPUT_DRIVERS X900   Y3500  - Pin: J2.7
OUTPUT_DRIVERS X1700  Y9900  - Pin: R11.1

UART_B_TXD
OUTPUT_DRIVERS X900   Y3300  - Pin: J2.11
OUTPUT_DRIVERS X1700  Y8900  - Pin: R13.1

UART_C_TXD
OUTPUT_DRIVERS X900   Y3100  - Pin: J2.15
OUTPUT_DRIVERS X10200 Y10000 - Pin: R19.1

UART_D_TXD
OUTPUT_DRIVERS X900   Y2900  - Pin: J2.19
OUTPUT_DRIVERS X10200 Y9000  - Pin: R22.1

XADC0
OUTPUT_DRIVERS X1700  Y3600  - Pin: J2.6
OUTPUT_DRIVERS X9800  Y12300 - Pin: U14.6

XADC1
OUTPUT_DRIVERS X1700  Y3500  - Pin: J2.8
OUTPUT_DRIVERS X9800  Y6400  - Pin: U10.6

XADC2
OUTPUT_DRIVERS X1700  Y3400  - Pin: J2.10
OUTPUT_DRIVERS X18300 Y12400 - Pin: U18.6

XADC3
OUTPUT_DRIVERS X1700  Y3300  - Pin: J2.12
OUTPUT_DRIVERS X18300 Y6500  - Pin: U17.6

XGPIO0
OUTPUT_DRIVERS X4300  Y10600 - Pin: U1.1
OUTPUT_DRIVERS X900   Y2500  - Pin: J2.27

XGPIO1
OUTPUT_DRIVERS X4300  Y9600  - Pin: U1.9
OUTPUT_DRIVERS X1700  Y3000  - Pin: J2.18

XGPIO2
OUTPUT_DRIVERS X12800 Y10700 - Pin: U2.1
OUTPUT_DRIVERS X1700  Y2900  - Pin: J2.20

XGPIO3
OUTPUT_DRIVERS X12800 Y9700  - Pin: U2.9
OUTPUT_DRIVERS X1700  Y2800  - Pin: J2.22

XUART0_TX
OUTPUT_DRIVERS X900   Y3700  - Pin: J2.3
OUTPUT_DRIVERS X1700  Y10400 - Pin: R10.1
OUTPUT_DRIVERS X1700  Y9400  - Pin: R12.1
OUTPUT_DRIVERS X10200 Y10500 - Pin: R16.1
OUTPUT_DRIVERS X10200 Y9500  - Pin: R21.1
