PCB Net List Errors Report - RL0020_Rev_B.sch - Tue Jul 31 17:03:54 2018
-------------------------------------------------------------------------
Design to Library Part Consistency Check
----------------------------------------
Part Type CAP_0402_10000P_GRM155R71E103KA01D not found in Library - not able to check following parts:
 C7.

Single/Zero Pin Net Warnings
----------------------------
No single or zero pin nets.

Schematic Connectivity Errors
-----------------------------

Dangling Connections with a Net Name

\RESET\
MAIN         X13800 Y9600 
MAIN         X15400 Y5400 

AA
LED1         X11400 Y7000 
LED1         X6000  Y4800 

AK
LED1         X7400  Y4800 
LED1         X11400 Y6000 

BA
LED1         X5800  Y7000 
LED1         X6000  Y4900 

BK
LED1         X7400  Y4900 
LED1         X5800  Y6000 

CH1_DIM
MAIN         X19100 Y7700 
MAIN         X17300 Y13200

CH1A_DIM
MAIN         X14700 Y13200

CH1B_DIM
MAIN         X15900 Y7500 

CH2_DIM
MAIN         X15900 Y7300 
MAIN         X17300 Y12300

CH2A_DIM
MAIN         X14700 Y12300

CH2B_DIM
MAIN         X19100 Y7500 

CH3_DIM
MAIN         X19100 Y6600 
MAIN         X17300 Y11500

CH3A_DIM
MAIN         X14700 Y11500

CH3B_DIM
MAIN         X15900 Y6400 

CH4_DIM
MAIN         X15900 Y6200 
MAIN         X20200 Y13200

CH4A_DIM
MAIN         X17600 Y13200

CH4B_DIM
MAIN         X19100 Y6400 

CH5_DIM
MAIN         X19100 Y5500 
MAIN         X20200 Y12300

CH5A_DIM
MAIN         X17600 Y12300

CH5B_DIM
MAIN         X15900 Y5300 

CH6_DIM
MAIN         X15900 Y5100 
MAIN         X20200 Y11500

CH6A_DIM
MAIN         X17600 Y11500

CH6B_DIM
MAIN         X19100 Y5300 

CWA
LED1         X15700 Y8200 
LED1         X6000  Y4600 

CWK
LED1         X7400  Y4600 
LED1         X15700 Y7200 

GA
LED1         X11400 Y11500
LED1         X6000  Y5000 

GK
LED1         X7400  Y5000 
LED1         X11400 Y10500

PSA
MAIN         X3100  Y14400

PSB
MAIN         X4600  Y14400

RA
LED1         X5800  Y11500
LED1         X6000  Y5100 

RK
LED1         X7400  Y5100 
LED1         X5800  Y10500

SCL
MAIN         X11100 Y9600 
MAIN         X10700 Y6400 

SDA
MAIN         X11100 Y9700 
MAIN         X10700 Y6500 

SWD_CLK
MAIN         X12500 Y8300 
MAIN         X15400 Y5700 

SWD_DIO
MAIN         X12800 Y8300 
MAIN         X15400 Y5800 

UART0_RX
MAIN         X7600  Y9500 

WWA
LED1         X15700 Y11200
LED1         X6000  Y4700 

WWK
LED1         X7400  Y4700 
LED1         X15700 Y10200

Power or Ground Symbols used with wrong Net Name

+24V
MAIN         X6200  Y15000 - Power  Symbol used for net: +5V
MAIN         X3400  Y15200 - Power  Symbol used for net: +5V
MAIN         X4200  Y15200 - Power  Symbol used for net: +5V
MAIN         X2700  Y5900  - Power  Symbol used for net: +5V
LED1         X4600  Y11900 - Power  Symbol used for net: +5V
LED1         X10200 Y11900 - Power  Symbol used for net: +5V
LED1         X4600  Y7400  - Power  Symbol used for net: +5V
LED1         X10200 Y7400  - Power  Symbol used for net: +5V
LED1         X14500 Y11600 - Power  Symbol used for net: +5V
LED1         X14500 Y8600  - Power  Symbol used for net: +5V

+3.3V
MAIN         X11400 Y12600 - Power  Symbol used for net: +5V
MAIN         X6500  Y10800 - Power  Symbol used for net: +5V
MAIN         X8200  Y6300  - Power  Symbol used for net: +5V
MAIN         X12300 Y6700  - Power  Symbol used for net: +5V
MAIN         X13700 Y6700  - Power  Symbol used for net: +5V
MAIN         X11300 Y7600  - Power  Symbol used for net: +5V
MAIN         X17600 Y8900  - Power  Symbol used for net: +5V

PSA
MAIN         X4000  Y11900 - Power  Symbol used for net: +5V

PSB
MAIN         X4500  Y11900 - Power  Symbol used for net: +5V

Subnets with Missing Off-Page Reference

\RESET\
MAIN         X13400 Y9600  - Pin: U4.19
MAIN         X14700 Y5900  - Pin: R21.1

AA
LED1         X9500  Y6600  - Pin: U101.4
LED1         X6500  Y4800  - Pin: J1.5

AK
LED1         X6900  Y4800  - Pin: J1.6
LED1         X10800 Y6000  - Pin: L101.2

BA
LED1         X4200  Y7000  - Pin: R105.2
LED1         X6500  Y4900  - Pin: J1.7

BK
LED1         X6900  Y4900  - Pin: J1.8
LED1         X5200  Y6000  - Pin: L103.2

CH1_DIM
MAIN         X18000 Y7700  - Pin: Q1.6
MAIN         X16700 Y13200 - Pin: R5.1

CH1A_DIM
MAIN         X15300 Y13200 - Pin: R3.2

CH1B_DIM
MAIN         X16400 Y7900  - Pin: R8.1

CH2_DIM
MAIN         X17200 Y7300  - Pin: Q1.3
MAIN         X16700 Y12300 - Pin: R12.1

CH2A_DIM
MAIN         X15300 Y12300 - Pin: R11.2

CH2B_DIM
MAIN         X18100 Y8000  - Pin: R13.1

CH3_DIM
MAIN         X18000 Y6600  - Pin: Q3.6
MAIN         X16700 Y11500 - Pin: R25.1

CH3A_DIM
MAIN         X15300 Y11500 - Pin: R23.2

CH3B_DIM
MAIN         X16700 Y7900  - Pin: R27.1

CH4_DIM
MAIN         X17200 Y6200  - Pin: Q3.3
MAIN         X19600 Y13200 - Pin: R28.1

CH4A_DIM
MAIN         X18200 Y13200 - Pin: R26.2

CH4B_DIM
MAIN         X18400 Y8000  - Pin: R29.1

CH5_DIM
MAIN         X18000 Y5500  - Pin: Q2.6
MAIN         X19600 Y12300 - Pin: R24.1

CH5A_DIM
MAIN         X18200 Y12300 - Pin: R22.2

CH5B_DIM
MAIN         X17000 Y7900  - Pin: R19.1

CH6_DIM
MAIN         X17200 Y5100  - Pin: Q2.3
MAIN         X19600 Y11500 - Pin: R4.1

CH6A_DIM
MAIN         X18200 Y11500 - Pin: R2.2

CH6B_DIM
MAIN         X18700 Y8000  - Pin: R6.1

CWA
LED1         X13800 Y7800  - Pin: U1.4
LED1         X6500  Y4600  - Pin: J1.1

CWK
LED1         X6900  Y4600  - Pin: J1.2
LED1         X15100 Y7200  - Pin: L1.2

GA
LED1         X9500  Y11100 - Pin: U102.4
LED1         X6500  Y5000  - Pin: J1.9

GK
LED1         X6900  Y5000  - Pin: J1.10
LED1         X10800 Y10500 - Pin: L102.2

PSA
MAIN         X3300  Y14200 - Pin: TP7.1

PSB
MAIN         X4300  Y14200 - Pin: TP11.1

RA
LED1         X3900  Y11100 - Pin: U100.4
LED1         X6500  Y5100  - Pin: J1.11

RK
LED1         X6900  Y5100  - Pin: J1.12
LED1         X5200  Y10500 - Pin: L100.2

SCL
MAIN         X11700 Y9600  - Pin: U4.6
MAIN         X11000 Y6800  - Pin: R7.1

SDA
MAIN         X11700 Y9700  - Pin: U4.5
MAIN         X11300 Y6800  - Pin: R9.1

SWD_CLK
MAIN         X12500 Y8900  - Pin: U4.12
MAIN         X14600 Y5700  - Pin: J2.4

SWD_DIO
MAIN         X12800 Y8900  - Pin: U4.15
MAIN         X14600 Y5800  - Pin: J2.2

UART0_RX
MAIN         X7000  Y9500  - Pin: U5.3
MAIN         X12700 Y11200 - Pin: TP1.1

WWA
LED1         X13800 Y10800 - Pin: U103.4
LED1         X6500  Y4700  - Pin: J1.3

WWK
LED1         X6900  Y4700  - Pin: J1.4
LED1         X15100 Y10200 - Pin: L104.2
