** ECO In Report **

Mon Apr 30 15:16:51 2018

Input  File : C:\Users\Ward\Dropbox\Work\Revolution\RPDG_Hardware\RL0014\eco.eco
Current Job : RL0014_Rev_A2.pcb


* Warning: deleting single-pin signal BT_PCM_CLK
* Warning: deleting single-pin signal BT_PCM_DIN
* Warning: deleting single-pin signal BT_PCM_DOUT
* Warning: deleting single-pin signal BT_PCM_LRCLK
* Warning: deleting single-pin signal COMBO_ZIG_UART_RXD
* Warning: deleting single-pin signal COMBO_ZIG_UART_TXD
* Warning: deleting single-pin signal MICOM_INT
* Warning: deleting single-pin signal XAGPIO0
* Warning: deleting single-pin signal XAUDIO_I2S0_CDCLK
* Warning: deleting single-pin signal XAUDIO_I2S0_DIN
* Warning: deleting single-pin signal XAUDIO_I2S0_DOUT
* Warning: deleting single-pin signal XAUDIO_I2S0_LRCLK
* Warning: deleting single-pin signal XAUDIO_I2S0_SCLK
* Warning: deleting single-pin signal XAUDIO_IRQ
* Warning: deleting single-pin signal XAUDIO_SCL
* Warning: deleting single-pin signal XAUDIO_SDA
* Warning: deleting single-pin signal XBOOT_CONFIG0
* Warning: deleting single-pin signal XBOOT_CONFIG1
* Warning: deleting single-pin signal XBOOT_CONFIG2
* Warning: deleting single-pin signal XCAM_LDO_EN
* Warning: deleting single-pin signal XCAM_RESET
* Warning: deleting single-pin signal XCAM_SCL
* Warning: deleting single-pin signal XCAM_SDA
* Warning: deleting single-pin signal XCAM_STBY
* Warning: deleting single-pin signal XCHG_INT
* Warning: deleting single-pin signal XCHG_SCL
* Warning: deleting single-pin signal XCHG_SDA
* Warning: deleting single-pin signal XFUEL_INT
* Warning: deleting single-pin signal XFUEL_SCL
* Warning: deleting single-pin signal XFUEL_SDA
* Warning: deleting single-pin signal XGPIO7
* Warning: deleting single-pin signal XGPIO8
* Warning: deleting single-pin signal XGPIO9
* Warning: deleting single-pin signal XHDMI_CEC
* Warning: deleting single-pin signal XHDMI_HPD
* Warning: deleting single-pin signal XHDMI_LS_OE
* Warning: deleting single-pin signal XHDMI_SCL
* Warning: deleting single-pin signal XHDMI_SDA
* Warning: deleting single-pin signal XHDMI_TX0N
* Warning: deleting single-pin signal XHDMI_TX0P
* Warning: deleting single-pin signal XHDMI_TX1N
* Warning: deleting single-pin signal XHDMI_TX1P
* Warning: deleting single-pin signal XHDMI_TX2N
* Warning: deleting single-pin signal XHDMI_TX2P
* Warning: deleting single-pin signal XHDMI_TXCN
* Warning: deleting single-pin signal XHDMI_TXCP
* Warning: deleting single-pin signal XJTAG_RSTN
* Warning: deleting single-pin signal XJTAG_TCK
* Warning: deleting single-pin signal XJTAG_TDI
* Warning: deleting single-pin signal XJTAG_TDO
* Warning: deleting single-pin signal XJTAG_TMS
* Warning: deleting single-pin signal XLCD1_GPIO1
* Warning: deleting single-pin signal XLCD2_GPIO1
* Warning: deleting single-pin signal XLCD_GPIO
* Warning: deleting single-pin signal XLCD_PWMOUT
* Warning: deleting single-pin signal XLCD_RESET
* Warning: deleting single-pin signal XLVDS_DN0
* Warning: deleting single-pin signal XLVDS_DN1
* Warning: deleting single-pin signal XLVDS_DN2
* Warning: deleting single-pin signal XLVDS_DN3
* Warning: deleting single-pin signal XLVDS_DN4
* Warning: deleting single-pin signal XLVDS_DNCLK
* Warning: deleting single-pin signal XLVDS_DP0
* Warning: deleting single-pin signal XLVDS_DP1
* Warning: deleting single-pin signal XLVDS_DP2
* Warning: deleting single-pin signal XLVDS_DP3
* Warning: deleting single-pin signal XLVDS_DP4
* Warning: deleting single-pin signal XLVDS_DPCLK
* Warning: deleting single-pin signal XMCU_SCL
* Warning: deleting single-pin signal XMCU_SDA
* Warning: deleting single-pin signal XMIPICSI1_DN0
* Warning: deleting single-pin signal XMIPICSI1_DN1
* Warning: deleting single-pin signal XMIPICSI1_DN2
* Warning: deleting single-pin signal XMIPICSI1_DN3
* Warning: deleting single-pin signal XMIPICSI1_DNCLK
* Warning: deleting single-pin signal XMIPICSI1_DP0
* Warning: deleting single-pin signal XMIPICSI1_DP1
* Warning: deleting single-pin signal XMIPICSI1_DP2
* Warning: deleting single-pin signal XMIPICSI1_DP3
* Warning: deleting single-pin signal XMIPICSI1_DPCLK
* Warning: deleting single-pin signal XMIPIDSI1_DN0
* Warning: deleting single-pin signal XMIPIDSI1_DN1
* Warning: deleting single-pin signal XMIPIDSI1_DN2
* Warning: deleting single-pin signal XMIPIDSI1_DN3
* Warning: deleting single-pin signal XMIPIDSI1_DNCLK
* Warning: deleting single-pin signal XMIPIDSI1_DP0
* Warning: deleting single-pin signal XMIPIDSI1_DP1
* Warning: deleting single-pin signal XMIPIDSI1_DP2
* Warning: deleting single-pin signal XMIPIDSI1_DP3
* Warning: deleting single-pin signal XMIPIDSI1_DPCLK
* Warning: deleting single-pin signal XPWM0_OUT
* Warning: deleting single-pin signal XRTC_INT
* Warning: deleting single-pin signal XRTC_SCL
* Warning: deleting single-pin signal XRTC_SDA
* Warning: deleting single-pin signal XSPI0_CLK
* Warning: deleting single-pin signal XSPI0_CS
* Warning: deleting single-pin signal XSPI0_MISO
* Warning: deleting single-pin signal XSPI0_MOSI
* Warning: deleting single-pin signal XTSP1_GPIO1
* Warning: deleting single-pin signal XTSP1_INT
* Warning: deleting single-pin signal XTSP2_GPIO1
* Warning: deleting single-pin signal XTSP2_INT
* Warning: deleting single-pin signal XTSP_RESET
* Warning: deleting single-pin signal XTSP_SCL
* Warning: deleting single-pin signal XTSP_SDA
* Warning: deleting single-pin signal XUHOST1_DM
* Warning: deleting single-pin signal XUHOST1_DP
* Warning: deleting single-pin signal XUHOST_VBUSCTRL
* Warning: deleting single-pin signal XUSB3_DM
* Warning: deleting single-pin signal XUSB3_DP
* Warning: deleting single-pin signal XUSB3_ID
* Warning: deleting single-pin signal XUSB3_VBUSCTRL
* Warning: deleting single-pin signal ZB_DEBUG_TCK_SWCLK
* Warning: deleting single-pin signal ZB_DEBUG_TDO_SWO
* Warning: deleting single-pin signal ZB_DEBUG_TMS_SWDIO
* Warning: deleting single-pin signal ZB_PTI_DATA_FRC_DOUT
* Warning: deleting single-pin signal ZB_PTI_SYNC_FRC_DFRAME
* Warning: deleting single-pin signal ZB_RSTN
