PCB Net List Errors Report - RL0005_Rev_C.sch - Tue Aug 29 17:12:18 2017
-------------------------------------------------------------------------
Design to Library Part Consistency Check
----------------------------------------
PCB Decal 0603 not found in Library - not able to check following parts of Part Type CAP_0603_4.7UF_35V_X5R:
 C63 C1 C2 C3 C4 C40 C43 C47 C49 C30
 C54 C46 C37 C27 C57 C16.
PCB Decal 0603 not found in Library - not able to check following parts of Part Type FB_0:
 FB1 FB2 FB3 FB4 FB5 FB6 FB7 FB8.
Part Type CAP_0402_.1U_GRM155R61E104KA87D not found in Library - not able to check following parts:
 C53 C26 C11 C17 C28 C36 C29 C55 C7 C8
 C9 C10 C12 C13 C14 C15 C31 C38 C56 C58
 C64 C65 C66 C67.
Part Type STB32NM50N not found in Library - not able to check following parts:
 Q6 Q11 Q21 Q27 Q29 Q33 Q35 Q39 Q38 Q34
 Q32 Q28 Q26 Q20 Q10 Q5.

Single/Zero Pin Net Warnings
----------------------------
No single or zero pin nets.

Schematic Connectivity Errors
-----------------------------

Floating Connections or Subnets

GND
DIMMER_1     X17700 Y9700 

Dangling Connections without a Net Name

GND
DIMMER_1     X17500 Y9900 

Dangling Connections with a Net Name

+5V
MAIN         X6200  Y14300
MAIN         X9000  Y14300

SR_CLK
MAIN         X7100  Y6900 

SR_DOUT
MAIN         X7100  Y6800 

SR_LAT
MAIN         X9300  Y6900 

Power or Ground Symbols used with wrong Net Name

GND0
DIMMER_1     X13500 Y13300 - Ground Symbol used for net: AGND
DIMMER_1     X7600  Y11900 - Ground Symbol used for net: AGND
DIMMER_1     X7300  Y11900 - Ground Symbol used for net: AGND
DIMMER_1     X4100  Y11800 - Ground Symbol used for net: AGND
DIMMER_1     X5800  Y12300 - Ground Symbol used for net: AGND
DIMMER_1     X7800  Y12500 - Ground Symbol used for net: AGND

GND1
DIMMER_1     X13500 Y10200 - Ground Symbol used for net: AGND
DIMMER_1     X4100  Y8700  - Ground Symbol used for net: AGND
DIMMER_1     X5800  Y9200  - Ground Symbol used for net: AGND
DIMMER_1     X7600  Y8800  - Ground Symbol used for net: AGND
DIMMER_1     X7300  Y8800  - Ground Symbol used for net: AGND
DIMMER_1     X7800  Y9400  - Ground Symbol used for net: AGND

GND2
DIMMER_1     X13500 Y7000  - Ground Symbol used for net: AGND
DIMMER_1     X4000  Y5500  - Ground Symbol used for net: AGND
DIMMER_1     X5700  Y6000  - Ground Symbol used for net: AGND
DIMMER_1     X7500  Y5600  - Ground Symbol used for net: AGND
DIMMER_1     X7200  Y5600  - Ground Symbol used for net: AGND
DIMMER_1     X7700  Y6200  - Ground Symbol used for net: AGND

GND3
DIMMER_1     X13500 Y3900  - Ground Symbol used for net: AGND
DIMMER_1     X4100  Y2400  - Ground Symbol used for net: AGND
DIMMER_1     X5800  Y2900  - Ground Symbol used for net: AGND
DIMMER_1     X7600  Y2500  - Ground Symbol used for net: AGND
DIMMER_1     X7300  Y2500  - Ground Symbol used for net: AGND
DIMMER_1     X7800  Y3100  - Ground Symbol used for net: AGND

GND4
DIMMER_2     X13100 Y13600 - Ground Symbol used for net: AGND
DIMMER_2     X3400  Y12200 - Ground Symbol used for net: AGND
DIMMER_2     X5400  Y12700 - Ground Symbol used for net: AGND
DIMMER_2     X7200  Y12300 - Ground Symbol used for net: AGND
DIMMER_2     X6900  Y12300 - Ground Symbol used for net: AGND
DIMMER_2     X7400  Y12900 - Ground Symbol used for net: AGND

GND5
DIMMER_2     X13100 Y10600 - Ground Symbol used for net: AGND
DIMMER_2     X3400  Y9100  - Ground Symbol used for net: AGND
DIMMER_2     X5400  Y9600  - Ground Symbol used for net: AGND
DIMMER_2     X7200  Y9200  - Ground Symbol used for net: AGND
DIMMER_2     X6900  Y9200  - Ground Symbol used for net: AGND
DIMMER_2     X7400  Y9800  - Ground Symbol used for net: AGND

GND6
DIMMER_2     X13100 Y7400  - Ground Symbol used for net: AGND
DIMMER_2     X3400  Y5900  - Ground Symbol used for net: AGND
DIMMER_2     X5400  Y6400  - Ground Symbol used for net: AGND
DIMMER_2     X7200  Y6000  - Ground Symbol used for net: AGND
DIMMER_2     X6900  Y6000  - Ground Symbol used for net: AGND
DIMMER_2     X7400  Y6600  - Ground Symbol used for net: AGND

GND7
DIMMER_2     X13100 Y4300  - Ground Symbol used for net: AGND
DIMMER_2     X3400  Y2800  - Ground Symbol used for net: AGND
DIMMER_2     X5400  Y3300  - Ground Symbol used for net: AGND
DIMMER_2     X7200  Y2900  - Ground Symbol used for net: AGND
DIMMER_2     X6900  Y2900  - Ground Symbol used for net: AGND
DIMMER_2     X7400  Y3500  - Ground Symbol used for net: AGND

Subnets with Missing Off-Page Reference

+5V
MAIN         X6200  Y13600 - Pin: U17.16
MAIN         X9000  Y13600 - Pin: U22.16

SR_CLK
MAIN         X8000  Y6900  - Pin: J1.3

SR_DOUT
MAIN         X8000  Y6800  - Pin: J1.1

SR_LAT
MAIN         X8800  Y6900  - Pin: J1.4
