PCB Net List Errors Report - RL0001_Rev_C.sch - Fri Jun 16 11:23:23 2017
-------------------------------------------------------------------------
Design to Library Part Consistency Check
----------------------------------------
No Library consistency checking errors.

Single/Zero Pin Net Warnings
----------------------------
No single or zero pin nets.

Schematic Connectivity Errors
-----------------------------

Dangling Connections without a Net Name

$$$10716
POWER        X14300 Y8700 

Dangling Connections with a Net Name

0_10V_0
MAIN         X5300  Y8800 
MAIN         X14100 Y13200

0_10V_1
MAIN         X5300  Y9100 
MAIN         X14100 Y10500

0_10V_2
MAIN         X5300  Y9200 
MAIN         X14100 Y7800 

0_10V_3
MAIN         X5300  Y9300 
MAIN         X14100 Y5100 

0_10V_F_0
MAIN         X5300  Y9800 
MAIN         X8300  Y13900

0_10V_F_1
MAIN         X5300  Y9900 
MAIN         X8300  Y11200

0_10V_F_2
MAIN         X5300  Y10000
MAIN         X8300  Y8500 

0_10V_F_3
MAIN         X2100  Y8200 
MAIN         X8300  Y5800 

AC_BATT
POWER        X4600  Y13000
MAIN         X1700  Y12500

AC_SOURCE
POWER        X4600  Y12900
MAIN         X2000  Y13300

BUTTON0
MAIN         X2000  Y14000
MAIN         X5600  Y14800

BUTTON1
MAIN         X2000  Y13800
MAIN         X5600  Y14400

BUTTON2
MAIN         X2000  Y13700
MAIN         X5600  Y14000

DC0
MAIN         X2100  Y9000 

DC1
MAIN         X2100  Y8800 

DC2
MAIN         X2100  Y8700 

DC3
MAIN         X2100  Y8600 

DMX_I_DM
MAIN         X7600  Y1300 
MAIN         X9300  Y3100 

DMX_I_DP
MAIN         X7600  Y2600 
MAIN         X9300  Y3000 

DMX_IN
MAIN         X2500  Y10200
MAIN         X11500 Y1900 
MAIN         X4800  Y1900 

DMX_O_DM
MAIN         X7400  Y2300 
MAIN         X9300  Y3400 

DMX_O_DP
MAIN         X7400  Y2500 
MAIN         X9300  Y3300 

DMX_OUT
MAIN         X2500  Y10100
MAIN         X5500  Y2400 

LED+_0
PWM          X4000  Y11900
PWM          X12200 Y13100

LED+_1
PWM          X9200  Y11900
PWM          X12200 Y12900

LED+_2
PWM          X4000  Y9400 
PWM          X12200 Y12700

LED+_3
PWM          X9200  Y9400 
PWM          X12200 Y12500

LED+_4
PWM          X4000  Y6900 
PWM          X12200 Y12200

LED+_5
PWM          X9200  Y6900 
PWM          X12200 Y12000

LED+_6
PWM          X4000  Y4400 
PWM          X12200 Y11800

LED+_7
PWM          X9200  Y4400 
PWM          X12200 Y11600

LED-_0
PWM          X12200 Y13000

LED-_1
PWM          X12200 Y12800

LED-_2
PWM          X12200 Y12600

LED-_3
PWM          X12200 Y12400

LED-_4
PWM          X12200 Y12100

LED-_5
PWM          X12200 Y11900

LED-_6
PWM          X12200 Y11700

LED-_7
PWM          X12200 Y11500

LED0
MAIN         X2000  Y13600
MAIN         X5600  Y12900

LED1
MAIN         X1700  Y12900
MAIN         X5600  Y12800

LED2
MAIN         X1700  Y12800
MAIN         X5600  Y12700

PGOOD
MAIN         X1700  Y12700

PI_RESET
MAIN         X2100  Y8100 

PI_SOFT_RESET
MAIN         X5200  Y13800
MAIN         X2100  Y8000 

PSOURCE0
MAIN         X2100  Y8500 
WET_DRY_PLC  X14400 Y12100

PSOURCE1
MAIN         X2100  Y8400 
WET_DRY_PLC  X14400 Y9300 

PSOURCE2
MAIN         X2100  Y9100 
WET_DRY_PLC  X14400 Y6500 

PSOURCE3
MAIN         X5300  Y9000 
WET_DRY_PLC  X14400 Y3700 

SCL
MAIN         X2100  Y9500 
MAIN         X1700  Y2100 

SDA
MAIN         X2100  Y9400 
MAIN         X3600  Y2000 

T_PROG
MAIN         X3200  Y6000 
MAIN         X2000  Y13400

T_RESET
MAIN         X2000  Y13200
MAIN         X1600  Y6000 

VIN_SENSE
POWER        X4300  Y12900
MAIN         X5300  Y9700 

Power or Ground Symbols used with wrong Net Name

+10V
MAIN         X13000 Y15200 - Power  Symbol used for net: +5V
MAIN         X13000 Y12500 - Power  Symbol used for net: +5V
MAIN         X13000 Y9800  - Power  Symbol used for net: +5V
MAIN         X13000 Y7100  - Power  Symbol used for net: +5V
MAIN         X10300 Y12800 - Power  Symbol used for net: +5V

+24V
POWER        X1600  Y11200 - Power  Symbol used for net: +5V
POWER        X2800  Y13100 - Power  Symbol used for net: +5V
MAIN         X11900 Y15000 - Power  Symbol used for net: +5V
MAIN         X11900 Y9600  - Power  Symbol used for net: +5V
MAIN         X8400  Y12800 - Power  Symbol used for net: +5V
MAIN         X16300 Y12000 - Power  Symbol used for net: +5V
WET_DRY_PLC  X18200 Y13900 - Power  Symbol used for net: +5V
WET_DRY_PLC  X9600  Y12000 - Power  Symbol used for net: +5V
WET_DRY_PLC  X10100 Y15000 - Power  Symbol used for net: +5V
WET_DRY_PLC  X6700  Y11400 - Power  Symbol used for net: +5V
PWM          X2600  Y13900 - Power  Symbol used for net: +5V
PWM          X2600  Y11400 - Power  Symbol used for net: +5V
PWM          X2600  Y8900  - Power  Symbol used for net: +5V
PWM          X2600  Y6400  - Power  Symbol used for net: +5V
PWM          X7800  Y13900 - Power  Symbol used for net: +5V
PWM          X7800  Y11400 - Power  Symbol used for net: +5V
PWM          X7800  Y8900  - Power  Symbol used for net: +5V
PWM          X7800  Y6400  - Power  Symbol used for net: +5V
RETURN       X6200  Y14300 - Power  Symbol used for net: +5V
RETURN       X6200  Y11800 - Power  Symbol used for net: +5V
RETURN       X6200  Y9300  - Power  Symbol used for net: +5V
RETURN       X6200  Y6800  - Power  Symbol used for net: +5V
RETURN       X12300 Y14300 - Power  Symbol used for net: +5V
RETURN       X12300 Y11800 - Power  Symbol used for net: +5V
RETURN       X12300 Y9300  - Power  Symbol used for net: +5V
RETURN       X12300 Y6800  - Power  Symbol used for net: +5V

+3.3V
MAIN         X3100  Y11300 - Power  Symbol used for net: +5V
MAIN         X3600  Y3100  - Power  Symbol used for net: +5V
MAIN         X11000 Y2700  - Power  Symbol used for net: +5V
MAIN         X6400  Y3600  - Power  Symbol used for net: +5V
PWM          X4200  Y15400 - Power  Symbol used for net: +5V

+3.3V_PI
MAIN         X2900  Y14500 - Power  Symbol used for net: +5V

+5V_PI
POWER        X14600 Y9600  - Power  Symbol used for net: +5V
MAIN         X4200  Y15000 - Power  Symbol used for net: +5V

Subnets with Missing Off-Page Reference

0_10V_0
MAIN         X4300  Y8800  - Pin: U1.33
MAIN         X14800 Y13100 - Pin: R104.2

0_10V_1
MAIN         X4300  Y9100  - Pin: U1.36
MAIN         X14800 Y10400 - Pin: R98.2

0_10V_2
MAIN         X4300  Y9200  - Pin: U1.37
MAIN         X14800 Y7700  - Pin: R72.2

0_10V_3
MAIN         X4300  Y9300  - Pin: U1.38
MAIN         X14800 Y5000  - Pin: R34.2

0_10V_F_0
MAIN         X4300  Y9800  - Pin: U1.43
MAIN         X9000  Y13900 - Pin: R4.1

0_10V_F_1
MAIN         X4300  Y9900  - Pin: U1.44
MAIN         X9000  Y11200 - Pin: R3.1

0_10V_F_2
MAIN         X4300  Y10000 - Pin: U1.45
MAIN         X9000  Y8500  - Pin: R2.1

0_10V_F_3
MAIN         X3300  Y8200  - Pin: U1.22
MAIN         X9000  Y5800  - Pin: R13.1

AC_BATT
POWER        X5300  Y13000 - Pin: J2.1
MAIN         X3300  Y12500 - Pin: J4.37

AC_SOURCE
POWER        X5300  Y12900 - Pin: J2.2
MAIN         X3300  Y13300 - Pin: J4.21

BUTTON0
MAIN         X3300  Y14000 - Pin: J4.7
MAIN         X6300  Y14800 - Pin: SW3.2

BUTTON1
MAIN         X3300  Y13800 - Pin: J4.11
MAIN         X6300  Y14400 - Pin: SW2.2

BUTTON2
MAIN         X3300  Y13700 - Pin: J4.13
MAIN         X6300  Y14000 - Pin: SW1.2

DC0
MAIN         X3300  Y9000  - Pin: U1.14

DC1
MAIN         X3300  Y8800  - Pin: U1.16

DC2
MAIN         X3300  Y8700  - Pin: U1.17

DC3
MAIN         X3300  Y8600  - Pin: U1.18

DMX_I_DM
MAIN         X8500  Y1300  - Pin: R178.1
MAIN         X10100 Y3100  - Pin: J30.2

DMX_I_DP
MAIN         X8500  Y2600  - Pin: R177.1
MAIN         X10100 Y3000  - Pin: J30.1

DMX_IN
MAIN         X3300  Y10200 - Pin: U1.2
MAIN         X10800 Y1900  - Pin: U28.4
MAIN         X5300  Y1900  - Pin: R182.2

DMX_O_DM
MAIN         X6800  Y2300  - Pin: U29.6
MAIN         X10100 Y3400  - Pin: J30.5

DMX_O_DP
MAIN         X6800  Y2500  - Pin: U29.5
MAIN         X10100 Y3300  - Pin: J30.4

DMX_OUT
MAIN         X3300  Y10100 - Pin: U1.3
MAIN         X6000  Y2400  - Pin: U29.3

LED+_0
PWM          X3600  Y12200 - Pin: R109.1
PWM          X12800 Y13100 - Pin: T1.2

LED+_1
PWM          X8800  Y12200 - Pin: R110.1
PWM          X12800 Y12900 - Pin: T2.2

LED+_2
PWM          X3600  Y9700  - Pin: R111.1
PWM          X12800 Y12700 - Pin: T3.2

LED+_3
PWM          X8800  Y9700  - Pin: R112.1
PWM          X12800 Y12500 - Pin: T4.2

LED+_4
PWM          X3600  Y7200  - Pin: R113.1
PWM          X12800 Y12200 - Pin: T5.2

LED+_5
PWM          X8800  Y7200  - Pin: R114.1
PWM          X12800 Y12000 - Pin: T6.2

LED+_6
PWM          X3600  Y4700  - Pin: R115.1
PWM          X12800 Y11800 - Pin: T7.2

LED+_7
PWM          X8800  Y4700  - Pin: R116.1
PWM          X12800 Y11600 - Pin: T8.2

LED-_0
PWM          X12800 Y13000 - Pin: T1.1

LED-_1
PWM          X12800 Y12800 - Pin: T2.1

LED-_2
PWM          X12800 Y12600 - Pin: T3.1

LED-_3
PWM          X12800 Y12400 - Pin: T4.1

LED-_4
PWM          X12800 Y12100 - Pin: T5.1

LED-_5
PWM          X12800 Y11900 - Pin: T6.1

LED-_6
PWM          X12800 Y11700 - Pin: T7.1

LED-_7
PWM          X12800 Y11500 - Pin: T8.1

LED0
MAIN         X3300  Y13600 - Pin: J4.15
MAIN         X7100  Y12600 - Pin: D5.1

LED1
MAIN         X3300  Y12900 - Pin: J4.29
MAIN         X6700  Y12600 - Pin: D4.1

LED2
MAIN         X3300  Y12800 - Pin: J4.31
MAIN         X6300  Y12600 - Pin: D3.1

PGOOD
MAIN         X2200  Y13100 - Pin: R19.2

PI_RESET
MAIN         X2600  Y11000 - Pin: Q1.1
MAIN         X3300  Y8100  - Pin: U1.23

PI_SOFT_RESET
MAIN         X4100  Y13800 - Pin: J4.12
MAIN         X3300  Y8000  - Pin: U1.24

PSOURCE0
MAIN         X3300  Y8500  - Pin: U1.19
WET_DRY_PLC  X14800 Y13100 - Pin: Q26.2

PSOURCE1
MAIN         X3300  Y8400  - Pin: U1.20
WET_DRY_PLC  X14800 Y10300 - Pin: Q28.2

PSOURCE2
MAIN         X3300  Y9100  - Pin: U1.13
WET_DRY_PLC  X14800 Y7500  - Pin: Q30.2

PSOURCE3
MAIN         X4300  Y9000  - Pin: U1.35
WET_DRY_PLC  X14800 Y4700  - Pin: Q32.2

SCL
MAIN         X2000  Y14100 - Pin: TP7.1
MAIN         X3300  Y9500  - Pin: U1.9
MAIN         X2300  Y2100  - Pin: U27.3

SDA
MAIN         X2000  Y14200 - Pin: TP8.1
MAIN         X3300  Y9400  - Pin: U1.10
MAIN         X3300  Y2000  - Pin: U27.5

T_PROG
MAIN         X3600  Y5900  - Pin: R9.2
MAIN         X3300  Y13400 - Pin: J4.19

T_RESET
MAIN         X3300  Y13200 - Pin: J4.23
MAIN         X2200  Y5900  - Pin: R8.2

VIN_SENSE
POWER        X3600  Y12800 - Pin: R81.2
MAIN         X4300  Y9700  - Pin: U1.42
