PCB Net List Errors Report - RL0011_Rev_A.sch - Wed Feb 28 10:47:24 2018
-------------------------------------------------------------------------
Design to Library Part Consistency Check
----------------------------------------
PCB Decal 0603 not found in Library - not able to check following parts of Part Type CAP_0603_2.2UF_10V_X5R:
 C1 C3 C5 C7 C9 C11.
PCB Decal 0603 not found in Library - not able to check following parts of Part Type RES_0603_59K_1%:
 R2 R4 R6 R8 R10 R12.
PCB Decal 0603 not found in Library - not able to check following parts of Part Type RES_0603_1.02K_1%:
 R13 R15 R17 R19 R21 R23.
PCB Decal 0603 not found in Library - not able to check following parts of Part Type RES_0603_4.02K_1%:
 R14 R16 R18 R20 R22 R24.

Single/Zero Pin Net Warnings
----------------------------
No single or zero pin nets.

Schematic Connectivity Errors
-----------------------------

Dangling Connections with a Net Name

CH1_DIM
MAIN         X7000  Y14900
MAIN         X2400  Y9800 

CH2_DIM
MAIN         X7000  Y12700
MAIN         X3100  Y9800 

CH3_DIM
MAIN         X7000  Y10500
MAIN         X3800  Y9800 

CH4_DIM
MAIN         X7000  Y8300 
MAIN         X4500  Y9800 

CH5_DIM
MAIN         X7000  Y6100 
MAIN         X5200  Y9800 

CH6_DIM
MAIN         X7000  Y3900 
MAIN         X5900  Y9800 

Subnets with Missing Off-Page Reference

CH1_DIM
MAIN         X7600  Y14900 - Pin: U1.6
MAIN         X1900  Y9700  - Pin: R13.2

CH2_DIM
MAIN         X7600  Y12700 - Pin: U2.6
MAIN         X2600  Y9700  - Pin: R15.2

CH3_DIM
MAIN         X7600  Y10500 - Pin: U3.6
MAIN         X3300  Y9700  - Pin: R17.2

CH4_DIM
MAIN         X7600  Y8300  - Pin: U4.6
MAIN         X4000  Y9700  - Pin: R19.2

CH5_DIM
MAIN         X7600  Y6100  - Pin: U5.6
MAIN         X4700  Y9700  - Pin: R21.2

CH6_DIM
MAIN         X7600  Y3900  - Pin: U6.6
MAIN         X5400  Y9700  - Pin: R23.2
