PCB Net List Errors Report - RL0003_Rev_B.sch - Wed Apr 05 16:41:07 2017
-------------------------------------------------------------------------
Design to Library Part Consistency Check
----------------------------------------
Part Type CAP_0603_0.1UF_100V_X7R not found in Library - not able to check following parts:
 C5 C6 C7 C8.

Single/Zero Pin Net Warnings
----------------------------
Net DMX_IN has less than two pins in PCB net list file.

Schematic Connectivity Errors
-----------------------------

Dangling Connections without a Net Name

$$$10716
POWER        X14400 Y8700 

Dangling Connections with a Net Name

0_10V_0
MAIN         X5300  Y8100 
MAIN         X12800 Y13200

0_10V_1
MAIN         X5300  Y8400 
MAIN         X12800 Y10500

0_10V_2
MAIN         X5300  Y8500 
MAIN         X12800 Y7800 

0_10V_3
MAIN         X5300  Y8600 
MAIN         X12800 Y5100 

0_10V_F_0
MAIN         X5300  Y9100 
MAIN         X7000  Y13900

0_10V_F_1
MAIN         X5300  Y9200 
MAIN         X7000  Y11200

0_10V_F_2
MAIN         X5300  Y9300 
MAIN         X7000  Y8500 

0_10V_F_3
MAIN         X2100  Y7500 
MAIN         X7000  Y5800 

BUTTON0
MAIN         X2000  Y13300
MAIN         X5000  Y14600

BUTTON1
MAIN         X2000  Y13100
MAIN         X5000  Y14200

BUTTON2
MAIN         X2000  Y13000
MAIN         X5000  Y13800

DC0
MAIN         X2100  Y8300 

DC1
MAIN         X2100  Y8100 

DC2
MAIN         X2100  Y8000 

DC3
MAIN         X2100  Y7900 

DMX_IN
MAIN         X2400  Y9500 

LED0
MAIN         X2000  Y12900
MAIN         X4900  Y11100

LED1
MAIN         X2000  Y12200
MAIN         X4900  Y11000

LED2
MAIN         X2000  Y12100
MAIN         X4900  Y10900

PGOOD
POWER        X8100  Y6600 

PSOURCE0
MAIN         X2100  Y7800 
MAIN         X15100 Y12200

PSOURCE1
MAIN         X2100  Y7700 
MAIN         X15100 Y9400 

PSOURCE2
MAIN         X2100  Y8400 
MAIN         X15100 Y6600 

PSOURCE3
MAIN         X5300  Y8300 
MAIN         X15100 Y3800 

SCL
MAIN         X2100  Y8800 

SDA
MAIN         X2100  Y8700 

SR_CLK
MAIN         X2700  Y2200 

SR_DOUT
MAIN         X2700  Y2100 

SR_LAT_O
MAIN         X5400  Y2200 

T_PROG
MAIN         X2000  Y12800
MAIN         X2800  Y5600 

T_RESET
MAIN         X2000  Y12500
MAIN         X4300  Y5600 

Power or Ground Symbols used with wrong Net Name

+10V
MAIN         X11700 Y15200 - Power  Symbol used for net: +5V
MAIN         X11700 Y12500 - Power  Symbol used for net: +5V
MAIN         X11700 Y9800  - Power  Symbol used for net: +5V
MAIN         X11700 Y7100  - Power  Symbol used for net: +5V
MAIN         X9000  Y12800 - Power  Symbol used for net: +5V

+24V
MAIN         X10600 Y15000 - Power  Symbol used for net: +5V
MAIN         X10600 Y9600  - Power  Symbol used for net: +5V
MAIN         X7100  Y12800 - Power  Symbol used for net: +5V
MAIN         X18900 Y14000 - Power  Symbol used for net: +5V
POWER        X1600  Y11200 - Power  Symbol used for net: +5V
POWER        X6100  Y14500 - Power  Symbol used for net: +5V
WET/DRY_CONTACT X11200 Y9400  - Power  Symbol used for net: +5V
WET/DRY_CONTACT X11700 Y12400 - Power  Symbol used for net: +5V
WET/DRY_CONTACT X8300  Y8800  - Power  Symbol used for net: +5V
0-10_OUT     X4600  Y15200 - Power  Symbol used for net: +5V
0-10_OUT     X12500 Y15200 - Power  Symbol used for net: +5V

+3.3V
MAIN         X3100  Y10600 - Power  Symbol used for net: +5V
POWER        X8600  Y7400  - Power  Symbol used for net: +5V

+5V_PI
MAIN         X4200  Y14300 - Power  Symbol used for net: +5V

Subnets with Missing Off-Page Reference

0_10V_0
MAIN         X4300  Y8100  - Pin: U1.33
MAIN         X13500 Y13100 - Pin: R61.2

0_10V_1
MAIN         X4300  Y8400  - Pin: U1.36
MAIN         X13500 Y10400 - Pin: R55.2

0_10V_2
MAIN         X4300  Y8500  - Pin: U1.37
MAIN         X13500 Y7700  - Pin: R39.2

0_10V_3
MAIN         X4300  Y8600  - Pin: U1.38
MAIN         X13500 Y5000  - Pin: R33.2

0_10V_F_0
MAIN         X4300  Y9100  - Pin: U1.43
MAIN         X7700  Y13900 - Pin: R4.1

0_10V_F_1
MAIN         X4300  Y9200  - Pin: U1.44
MAIN         X7700  Y11200 - Pin: R3.1

0_10V_F_2
MAIN         X4300  Y9300  - Pin: U1.45
MAIN         X7700  Y8500  - Pin: R2.1

0_10V_F_3
MAIN         X3300  Y7500  - Pin: U1.22
MAIN         X7700  Y5800  - Pin: R14.1

BUTTON0
MAIN         X3300  Y13300 - Pin: J5.7
MAIN         X5700  Y14600 - Pin: SW3.2

BUTTON1
MAIN         X3300  Y13100 - Pin: J5.11
MAIN         X5700  Y14200 - Pin: SW2.2

BUTTON2
MAIN         X3300  Y13000 - Pin: J5.13
MAIN         X5700  Y13800 - Pin: SW1.2

DC0
MAIN         X3300  Y8300  - Pin: U1.14

DC1
MAIN         X3300  Y8100  - Pin: U1.16

DC2
MAIN         X3300  Y8000  - Pin: U1.17

DC3
MAIN         X3300  Y7900  - Pin: U1.18

LED0
MAIN         X3300  Y12900 - Pin: J5.15
MAIN         X6400  Y10800 - Pin: D3.1

LED1
MAIN         X3300  Y12200 - Pin: J5.29
MAIN         X6000  Y10800 - Pin: D2.1

LED2
MAIN         X3300  Y12100 - Pin: J5.31
MAIN         X5600  Y10800 - Pin: D1.1

PGOOD
POWER        X8600  Y6700  - Pin: R19.1

PSOURCE0
MAIN         X3300  Y7800  - Pin: U1.19
MAIN         X16100 Y13200 - Pin: Q13.5

PSOURCE1
MAIN         X3300  Y7700  - Pin: U1.20
MAIN         X16100 Y10400 - Pin: Q11.5

PSOURCE2
MAIN         X3300  Y8400  - Pin: U1.13
MAIN         X16100 Y7600  - Pin: Q14.5

PSOURCE3
MAIN         X4300  Y8300  - Pin: U1.35
MAIN         X16100 Y4800  - Pin: Q16.5

SCL
MAIN         X3100  Y13400 - Pin: TP10.1
MAIN         X3300  Y8800  - Pin: U1.9

SDA
MAIN         X3100  Y13500 - Pin: TP11.1
MAIN         X3300  Y8700  - Pin: U1.10

SR_CLK
MAIN         X3600  Y2200  - Pin: J6.21

SR_DOUT
MAIN         X3600  Y2100  - Pin: J6.23

SR_LAT_O
MAIN         X4400  Y2200  - Pin: J6.22

T_PROG
MAIN         X3300  Y12800 - Pin: J5.17
MAIN         X3200  Y5500  - Pin: R10.2

T_RESET
MAIN         X3300  Y12500 - Pin: J5.23
MAIN         X4900  Y5500  - Pin: R9.2
