Generating 3D model for part MH125_322048056.
	*Warning: No mapping for cell/part MH125_322048056
Generating 3D model for part CAP_0402_0.1UF_50V_X5R_1883431428.
	*Warning: No mapping for cell/part CAP_0402_0.1UF_50V_X5R_1883431428
Generating 3D model for part IC_SH_REG_74HC595AF_TSSOP16_1880484250.
	*Warning: No mapping for cell/part IC_SH_REG_74HC595AF_TSSOP16_1880484250
Generating 3D model for part 01020078H_3767554660.
	*Warning: No mapping for cell/part 01020078H_3767554660
Generating 3D model for part 3521150KFT_3341728748.
	*Warning: No mapping for cell/part 3521150KFT_3341728748
Generating 3D model for part B360A_4052502521.
	*Warning: No mapping for cell/part B360A_4052502521
Generating 3D model for part CAP_0402_0.022UF_50V_X7R_1883431428.
	*Warning: No mapping for cell/part CAP_0402_0.022UF_50V_X7R_1883431428
Generating 3D model for part CAP_0603_4.7UF_35V_X5R_3603302075.
	*Warning: No mapping for cell/part CAP_0603_4.7UF_35V_X5R_3603302075
Generating 3D model for part CAP_1210_0.01UF_1000V_X7R_449937758.
	*Warning: No mapping for cell/part CAP_1210_0.01UF_1000V_X7R_449937758
Generating 3D model for part FL5160MX_178837712.
	*Warning: No mapping for cell/part FL5160MX_178837712
Generating 3D model for part MM3Z7V5ST1G_1433635654.
	*Warning: No mapping for cell/part MM3Z7V5ST1G_1433635654
Generating 3D model for part MOV-14D911K_3374253572.
	*Warning: No mapping for cell/part MOV-14D911K_3374253572
Generating 3D model for part PBHV2160ZX_1238744096.
	*Warning: No mapping for cell/part PBHV2160ZX_1238744096
Generating 3D model for part PS2801-1_3916934950.
	*Warning: No mapping for cell/part PS2801-1_3916934950
Generating 3D model for part RES_0402_10K_1%_ERJ-2RKF1002X_1883431428.
	*Warning: No mapping for cell/part RES_0402_10K_1%_ERJ-2RKF1002X_1883431428
Generating 3D model for part RES_0402_120_5%_ERJ-2GEJ121X_1883431428.
	*Warning: No mapping for cell/part RES_0402_120_5%_ERJ-2GEJ121X_1883431428
Generating 3D model for part RES_0402_1K_1%_ERJ-2RKF1001X_1883431428.
	*Warning: No mapping for cell/part RES_0402_1K_1%_ERJ-2RKF1001X_1883431428
Generating 3D model for part RES_0402_2.05K_1%_ERJ-2RKF2051X_1883431428.
	*Warning: No mapping for cell/part RES_0402_2.05K_1%_ERJ-2RKF2051X_1883431428
Generating 3D model for part RES_0402_2M_5%_ERJ-2GEJ205X_1883431428.
	*Warning: No mapping for cell/part RES_0402_2M_5%_ERJ-2GEJ205X_1883431428
Generating 3D model for part RS1M_4011646623.
	*Warning: No mapping for cell/part RS1M_4011646623
Generating 3D model for part STB32NM50N_3139570330.
	*Warning: No mapping for cell/part STB32NM50N_3139570330
Generating 3D model for part RES_0402_2.7K_1%_ERJ2RKF2701X_1883431428.
	*Warning: No mapping for cell/part RES_0402_2.7K_1%_ERJ2RKF2701X_1883431428
Generating 3D model for part RES_0402_49.9_1%_ERJ-2RKF49R9X_1883431428.
	*Warning: No mapping for cell/part RES_0402_49.9_1%_ERJ-2RKF49R9X_1883431428
Generating 3D model for part T9AS5D12-5_3863412596.
	*Warning: No mapping for cell/part T9AS5D12-5_3863412596
Generating 3D model for part TP20T_782089334.
	*Warning: No mapping for cell/part TP20T_782089334
Generating 3D model for part 100MIL_2X12_SMT_3775563677.
	*Warning: No mapping for cell/part 100MIL_2X12_SMT_3775563677
Generating 3D model for part 2N7002_2831055637.
	*Warning: No mapping for cell/part 2N7002_2831055637
Generating 3D model for part FIDUCIAL_488076511.
	*Warning: No mapping for cell/part FIDUCIAL_488076511
Generating 3D model for part RZ03-1C4-D005-R_4132421890.
	*Warning: No mapping for cell/part RZ03-1C4-D005-R_4132421890
Generating 3D model for part 74HC165_3036008163.
	*Warning: No mapping for cell/part 74HC165_3036008163
Generating 3D model for part 1287-ST_3811478583.
	*Warning: No mapping for cell/part 1287-ST_3811478583
Generating 3D model for part RES_0402_1M_1%_ERJ-2RKF1004X_1883431428.
	*Warning: No mapping for cell/part RES_0402_1M_1%_ERJ-2RKF1004X_1883431428
Generating 3D model for part CAP_0402_.1U_GRM155R61E104KA87D_1883431428.
	*Warning: No mapping for cell/part CAP_0402_.1U_GRM155R61E104KA87D_1883431428
Generating 3D model for part RL-7747-1000_3107424084.
	*Warning: No mapping for cell/part RL-7747-1000_3107424084
Generating 3D model for part RES_0402_4.02K_1%_ERJ-2RKF4021X_1883431428.
	*Warning: No mapping for cell/part RES_0402_4.02K_1%_ERJ-2RKF4021X_1883431428
Generating 3D model for part RES_0402_6.04K_1%_ERJ-2RKF6041X_1883431428.
	*Warning: No mapping for cell/part RES_0402_6.04K_1%_ERJ-2RKF6041X_1883431428
