--------------------------------------------------------------------------------
Translator Name    : Spatial InterOp Connect ( Version : 2016 1.0.1)
System Name        : Windows_NT
Machine Name       : WARDS-SURFACE
User Name          : Ward
Source System      : STEP
Destination System : ACIS
Input File         : C:\Users\Ward\Downloads\TRX 4801 ASSY REV NONE.STP
Output File        : C:\Users\Ward\AppData\Local\Temp\SPAXTemp-P13392-T14288-2_SPAIop_1_Doc.sab
Start Time         : Thu May 25 13:48:44 2017

--------------------------------------------------------------------------------
Message : === Translation Options ===
Message : SplitPeriodic : false
Message : TranslateAttributes : true
Message : Representation : BRep+Assembly
Message : EnableMultiThreading : false
Message : ===========================
-------------------------Source File Header Information-------------------------
Modification Date        : 2017-05-25T18:59:19
File Name                : C:/Users/robertnolte/Desktop/TRX 4801 ASSY REV NONE.stp
Author                   : ''
Organization             : ''
Source System            : Kubotek KeyCreator
Version                  : KCM Version 1.1.2016.0
Authorization            : 
File Description         : ''
Implementation Level     : 1
File Schema Name         : 'AUTOMOTIVE_DESIGN'
Document Type            : Part
Units                    : INCH
Format Type              : STEP
--------------------------------------------------------------------------------
--------------------------------------------------------------------------------
Source Document Preprocessing Result : Success
--------------------------------------------------------------------------------
--------------------------------------------------------------------------------
Target Document Preprocessing Result : Success
--------------------------------------------------------------------------------
--------------------------------------------------------------------------------
Start BRep
--------------------------------------------------------------------------------
--------------------------------------------------------------------------------
BRep Source Representation Preprocessing Result : Success
--------------------------------------------------------------------------------
--------------------------------------------------------------------------------
BRep Source Representation Postprocessing Result : Success
--------------------------------------------------------------------------------
--------------------------------------------------------------------------------
BRep Target Representation Postprocessing Result : Success
--------------------------------------------------------------------------------
--------------------------------------------------------------------------------
End BRep
------------------------Representation Conversion Summary-----------------------
No. of Acorn Bodies                       :    0
No. of Mixed Bodies                       :    0
No. of Solid Bodies                       :    10504
No. of Wire Bodies                        :    36
No. of Free Surfaces                      :    0
No. of Free Curves                        :    0
No. of Sheet Bodies                       :    0
No. of Free Points                        :    0
--------------------------------------------------------------------------------
BRep Conversion Result : Success
--------------------------------------------------------------------------------
--------------------------------------------------------------------------------
Start DocumentFeature
--------------------------------------------------------------------------------
--------------------------------------------------------------------------------
DocumentFeature Source Representation Preprocessing Result : Success
--------------------------------------------------------------------------------
--------------------------------------------------------------------------------
DocumentFeature Source Representation Postprocessing Result : Success
--------------------------------------------------------------------------------
--------------------------------------------------------------------------------
DocumentFeature Target Representation Postprocessing Result : Success
--------------------------------------------------------------------------------
--------------------------------------------------------------------------------
End DocumentFeature
------------------------Representation Conversion Summary-----------------------
No. of Selection Sets                     :    0
No. of Working Coordinate Systems         :    0
No. of Associative Groups                 :    0
No. of Layer Filters                      :    0
--------------------------------------------------------------------------------
DocumentFeature Conversion Result : No Entity to Translate
--------------------------------------------------------------------------------
--------------------------------------------------------------------------------
Start Assembly
--------------------------------------------------------------------------------
--------------------------------------------------------------------------------
Assembly Source Representation Preprocessing Result : Success
--------------------------------------------------------------------------------
--------------------------------------------------------------------------------
Assembly Source Representation Postprocessing Result : Success
--------------------------------------------------------------------------------
--------------------------------------------------------------------------------
Assembly Target Representation Postprocessing Result : Success
--------------------------------------------------------------------------------
--------------------------------------------------------------------------------
End Assembly
Assembly Conversion Result : No Entity to Translate
--------------------------------------------------------------------------------
--------------------------------------------------------------------------------
Target Document Postprocessing Result : Success
--------------------------------------------------------------------------------
--------------------------------------------------------------------------------
Target Document Postprocessing Result : Success
--------------------------------------------------------------------------------
--------------------------------------------------------------------------------
---------------------------Document Conversion Summary--------------------------
No. of Items of DocumentFeature Representation :    0
No. of Items of BRep Representation            :    10540
--------------------------------------------------------------------------------
Message : Setting save mode for ACIS file based on the file extension
Output File "C:\Users\Ward\AppData\Local\Temp\SPAXTemp-P13392-T14288-2_SPAIop_1_Doc.sab" is Successfully Written
--------------------------------------------------------------------------------
Finish Time : Thu May 25 13:48:58 2017

--------------------------------------------------------------------------------
Translation Result : Success
--------------------------------------------------------------------------------
--------------------------------------------------------------------------------
