PCB Net List Errors Report - RL0012_Rev_B.sch - Mon Apr 16 15:22:45 2018
-------------------------------------------------------------------------
Design to Library Part Consistency Check
----------------------------------------
PCB Decal 0603 not found in Library - not able to check following parts of Part Type CAP_0603_2.2UF_10V_X5R:
 C25 C5 C27 C7 C21 C3 C31 C33 C23 C35
 C29 C37.
PCB Decal 0603 not found in Library - not able to check following parts of Part Type RES_0603_59K_1%:
 R45 R5 R46 R8 R40 R4 R50 R53 R43 R58
 R48 R70.
Part Type CAP_0402_10000P_GRM155R71E103KA01D not found in Library - not able to check following parts:
 C10.
PCB Decal 0603 not found in Library - not able to check following parts of Part Type FB_0:
 FB1.

Single/Zero Pin Net Warnings
----------------------------
No single or zero pin nets.

Schematic Connectivity Errors
-----------------------------

Dangling Connections with a Net Name

\RESET\
MAIN         X13800 Y9600 
MAIN         X15400 Y5400 

A
LED1         X10300 Y11100
LED2         X11100 Y7600 

A2
LED1         X11000 Y7500 

B
LED1         X10300 Y11400
LED2         X11100 Y7500 

B2
LED1         X11000 Y7600 

CH10_DIM
MAIN         X18300 Y10100
DRIVERS      X9500  Y7800 

CH11_DIM
MAIN         X18600 Y10100
DRIVERS      X9500  Y5600 

CH12_DIM
MAIN         X18900 Y10100
DRIVERS      X9500  Y3400 

CH1_DIM
MAIN         X15600 Y10100
DRIVERS      X4300  Y14400

CH2_DIM
MAIN         X15900 Y10100
DRIVERS      X4300  Y12200

CH3_DIM
MAIN         X16200 Y10100
DRIVERS      X4300  Y10000

CH4_DIM
MAIN         X16500 Y10100
DRIVERS      X4300  Y7800 

CH5_DIM
MAIN         X16800 Y10100
DRIVERS      X4300  Y5600 

CH6_DIM
MAIN         X17100 Y10100
DRIVERS      X4300  Y3400 

CH7_DIM
MAIN         X17400 Y10100
DRIVERS      X9500  Y14400

CH8_DIM
MAIN         X17700 Y10100
DRIVERS      X9500  Y12200

CH9_DIM
MAIN         X18000 Y10100
DRIVERS      X9500  Y10000

CW
LED1         X10300 Y12300
LED2         X11100 Y7800 

CW2
LED1         X11000 Y7900 

G
LED1         X10300 Y11700
LED2         X11100 Y7400 

G2
LED1         X11000 Y7700 

PSA
MAIN         X5500  Y13500

PSB
MAIN         X7500  Y13500

R
LED1         X10300 Y12000
LED2         X11100 Y7900 

R2
LED1         X11000 Y7800 

SCL
MAIN         X10700 Y6400 

SDA
MAIN         X10700 Y6500 

SWD_CLK
MAIN         X12500 Y8300 
MAIN         X15400 Y5700 

SWD_DIO
MAIN         X12800 Y8300 
MAIN         X15400 Y5800 

UART0_RX
MAIN         X7600  Y9500 

WW
LED1         X10300 Y12600
LED2         X11100 Y7700 

WW2
LED1         X11000 Y8000 

Power or Ground Symbols used with wrong Net Name

+24V
MAIN         X6400  Y14700 - Power  Symbol used for net: +5V
MAIN         X3000  Y5900  - Power  Symbol used for net: +5V
LED1         X4200  Y12700 - Power  Symbol used for net: +5V
LED2         X4400  Y12600 - Power  Symbol used for net: +5V
DRIVERS      X3600  Y14700 - Power  Symbol used for net: +5V
DRIVERS      X8800  Y14700 - Power  Symbol used for net: +5V

+3.3V
MAIN         X11400 Y12600 - Power  Symbol used for net: +5V
MAIN         X6500  Y10800 - Power  Symbol used for net: +5V
MAIN         X8200  Y6300  - Power  Symbol used for net: +5V
MAIN         X12300 Y6700  - Power  Symbol used for net: +5V
MAIN         X13700 Y6700  - Power  Symbol used for net: +5V
MAIN         X11300 Y7600  - Power  Symbol used for net: +5V

PSA
MAIN         X4000  Y11900 - Power  Symbol used for net: +5V

PSB
MAIN         X4500  Y11900 - Power  Symbol used for net: +5V

Subnets with Missing Off-Page Reference

\RESET\
MAIN         X13400 Y9600  - Pin: U7.19
MAIN         X14700 Y5900  - Pin: R41.1

A
LED1         X8900  Y8800  - Pin: D156.2
LED2         X10500 Y7600  - Pin: R13.2

A2
LED1         X10300 Y7500  - Pin: R68.2

B
LED1         X9500  Y8700  - Pin: R65.2
LED2         X10500 Y7500  - Pin: R11.2

B2
LED1         X10300 Y7600  - Pin: R66.2

CH10_DIM
MAIN         X18300 Y9500  - Pin: R52.2
DRIVERS      X10100 Y7800  - Pin: U15.6

CH11_DIM
MAIN         X18600 Y9500  - Pin: R37.2
DRIVERS      X10100 Y5600  - Pin: U12.6

CH12_DIM
MAIN         X18900 Y9500  - Pin: R71.2
DRIVERS      X10100 Y3400  - Pin: U16.6

CH1_DIM
MAIN         X15600 Y9500  - Pin: R31.2
DRIVERS      X4900  Y14400 - Pin: U10.6

CH2_DIM
MAIN         X15900 Y9500  - Pin: R32.2
DRIVERS      X4900  Y12200 - Pin: U2.6

CH3_DIM
MAIN         X16200 Y9500  - Pin: R33.2
DRIVERS      X4900  Y10000 - Pin: U11.6

CH4_DIM
MAIN         X16500 Y9500  - Pin: R21.2
DRIVERS      X4900  Y7800  - Pin: U3.6

CH5_DIM
MAIN         X16800 Y9500  - Pin: R38.2
DRIVERS      X4900  Y5600  - Pin: U8.6

CH6_DIM
MAIN         X17100 Y9500  - Pin: R2.2
DRIVERS      X4900  Y3400  - Pin: U1.6

CH7_DIM
MAIN         X17400 Y9500  - Pin: R36.2
DRIVERS      X10100 Y14400 - Pin: U13.6

CH8_DIM
MAIN         X17700 Y9500  - Pin: R34.2
DRIVERS      X10100 Y12200 - Pin: U14.6

CH9_DIM
MAIN         X18000 Y9500  - Pin: R35.2
DRIVERS      X10100 Y10000 - Pin: U9.6

CW
LED1         X9200  Y8700  - Pin: R57.2
LED2         X10500 Y7800  - Pin: R17.2

CW2
LED1         X10300 Y7900  - Pin: R59.2

G
LED1         X8900  Y11700 - Pin: D74.2
LED2         X10500 Y7400  - Pin: R9.2

G2
LED1         X10300 Y7700  - Pin: R64.2

PSA
MAIN         X6300  Y13400 - Pin: D22.2

PSB
MAIN         X6500  Y13400 - Pin: D23.2

R
LED1         X9300  Y8700  - Pin: R61.2
LED2         X10500 Y7900  - Pin: R19.2

R2
LED1         X10300 Y7800  - Pin: R62.2

SCL
MAIN         X11100 Y9600  - Pin: TP1.1
MAIN         X11000 Y6800  - Pin: R25.1

SDA
MAIN         X11100 Y9700  - Pin: TP2.1
MAIN         X11300 Y6800  - Pin: R26.1

SWD_CLK
MAIN         X12500 Y8900  - Pin: U7.12
MAIN         X14600 Y5700  - Pin: J3.4

SWD_DIO
MAIN         X12800 Y8900  - Pin: U7.15
MAIN         X14600 Y5800  - Pin: J3.2

UART0_RX
MAIN         X7000  Y9500  - Pin: U6.3
MAIN         X12700 Y11200 - Pin: TP3.1

WW
LED1         X9100  Y8700  - Pin: R55.2
LED2         X10500 Y7700  - Pin: R15.2

WW2
LED1         X10300 Y8000  - Pin: R56.2
