PCB Net List Errors Report - RL0021_Rev_B.sch - Mon Aug 27 15:27:03 2018
-------------------------------------------------------------------------
Design to Library Part Consistency Check
----------------------------------------
No Library consistency checking errors.

Single/Zero Pin Net Warnings
----------------------------
No single or zero pin nets.

Schematic Connectivity Errors
-----------------------------

Dangling Connections with a Net Name

\RESET\
MAIN         X13800 Y9600 
MAIN         X15400 Y5400 

CH1_DIM
MAIN         X15600 Y10100
DRIVERS      X3600  Y13100

CH2_DIM
MAIN         X15900 Y10100
DRIVERS      X6500  Y13100

CH3_DIM
MAIN         X16200 Y10100
DRIVERS      X9400  Y13100

CH4_DIM
MAIN         X16500 Y10100
DRIVERS      X12300 Y13100

CH5_DIM
MAIN         X16800 Y10100
DRIVERS      X3600  Y10300

CH6_DIM
MAIN         X17100 Y10100
DRIVERS      X6500  Y10300

CH7_DIM
MAIN         X17400 Y10100
DRIVERS      X9400  Y10300

CH8_DIM
MAIN         X17700 Y10100
DRIVERS      X12300 Y10300

LED1
DRIVERS      X6000  Y12900
DRIVERS      X16600 Y11600

LED2
DRIVERS      X8900  Y12900
DRIVERS      X16600 Y11500

LED3
DRIVERS      X11800 Y12900
DRIVERS      X16600 Y11400

LED4
DRIVERS      X14700 Y12900
DRIVERS      X16600 Y11300

LED5
DRIVERS      X6000  Y10100
DRIVERS      X16600 Y11200

LED6
DRIVERS      X8900  Y10100
DRIVERS      X16600 Y11100

LED7
DRIVERS      X11800 Y10100
DRIVERS      X16600 Y11000

LED8
DRIVERS      X14700 Y10100
DRIVERS      X16600 Y10900

PSA
MAIN         X5500  Y13500

PSB
MAIN         X7500  Y13500

SCL
MAIN         X10700 Y6400 

SDA
MAIN         X10700 Y6500 

SWD_CLK
MAIN         X12500 Y8300 
MAIN         X15400 Y5700 

SWD_DIO
MAIN         X12800 Y8300 
MAIN         X15400 Y5800 

UART0_RX
MAIN         X7600  Y9500 

UART0_TX
MAIN         X13400 Y4000 

Power or Ground Symbols used with wrong Net Name

+12V
MAIN         X8200  Y3900  - Power  Symbol used for net: +5V
DRIVERS      X11300 Y7300  - Power  Symbol used for net: +5V
DRIVERS      X6100  Y7300  - Power  Symbol used for net: +5V

+24V
MAIN         X6400  Y14700 - Power  Symbol used for net: +5V
MAIN         X1900  Y5900  - Power  Symbol used for net: +5V
MAIN         X10700 Y4900  - Power  Symbol used for net: +5V
DRIVERS      X4800  Y14000 - Power  Symbol used for net: +5V
DRIVERS      X7700  Y14000 - Power  Symbol used for net: +5V
DRIVERS      X10600 Y14000 - Power  Symbol used for net: +5V
DRIVERS      X13500 Y14000 - Power  Symbol used for net: +5V
DRIVERS      X4800  Y11200 - Power  Symbol used for net: +5V
DRIVERS      X7700  Y11200 - Power  Symbol used for net: +5V
DRIVERS      X10600 Y11200 - Power  Symbol used for net: +5V
DRIVERS      X13500 Y11200 - Power  Symbol used for net: +5V
DRIVERS      X18500 Y11900 - Power  Symbol used for net: +5V

+3.3V
MAIN         X11400 Y12600 - Power  Symbol used for net: +5V
MAIN         X6500  Y10800 - Power  Symbol used for net: +5V
MAIN         X8200  Y6300  - Power  Symbol used for net: +5V
MAIN         X12300 Y6700  - Power  Symbol used for net: +5V
MAIN         X13700 Y6700  - Power  Symbol used for net: +5V
MAIN         X11300 Y7600  - Power  Symbol used for net: +5V
DRIVERS      X4300  Y13400 - Power  Symbol used for net: +5V
DRIVERS      X7200  Y13400 - Power  Symbol used for net: +5V
DRIVERS      X10100 Y13400 - Power  Symbol used for net: +5V
DRIVERS      X13000 Y13400 - Power  Symbol used for net: +5V
DRIVERS      X4300  Y10600 - Power  Symbol used for net: +5V
DRIVERS      X7200  Y10600 - Power  Symbol used for net: +5V
DRIVERS      X10100 Y10600 - Power  Symbol used for net: +5V
DRIVERS      X13000 Y10600 - Power  Symbol used for net: +5V
DRIVERS      X3700  Y5400  - Power  Symbol used for net: +5V
DRIVERS      X8900  Y5400  - Power  Symbol used for net: +5V

PSA
MAIN         X4000  Y11900 - Power  Symbol used for net: +5V

PSB
MAIN         X4500  Y11900 - Power  Symbol used for net: +5V

Subnets with Missing Off-Page Reference

\RESET\
MAIN         X13400 Y9600  - Pin: U7.19
MAIN         X14700 Y5900  - Pin: R42.1

CH1_DIM
MAIN         X15600 Y9500  - Pin: R32.2
DRIVERS      X4400  Y13100 - Pin: U1.2

CH2_DIM
MAIN         X15900 Y9500  - Pin: R33.2
DRIVERS      X7300  Y13100 - Pin: U9.2

CH3_DIM
MAIN         X16200 Y9500  - Pin: R34.2
DRIVERS      X10200 Y13100 - Pin: U2.2

CH4_DIM
MAIN         X16500 Y9500  - Pin: R21.2
DRIVERS      X13100 Y13100 - Pin: U3.2

CH5_DIM
MAIN         X16800 Y9500  - Pin: R39.2
DRIVERS      X4400  Y10300 - Pin: U8.2

CH6_DIM
MAIN         X17100 Y9500  - Pin: R2.2
DRIVERS      X7300  Y10300 - Pin: U10.2

CH7_DIM
MAIN         X17400 Y9500  - Pin: R37.2
DRIVERS      X10200 Y10300 - Pin: U11.2

CH8_DIM
MAIN         X17700 Y9500  - Pin: R35.2
DRIVERS      X13100 Y10300 - Pin: U12.2

LED1
DRIVERS      X5200  Y13000 - Pin: U1.4
DRIVERS      X17100 Y11600 - Pin: J4.1

LED2
DRIVERS      X8100  Y13000 - Pin: U9.4
DRIVERS      X17100 Y11500 - Pin: J4.2

LED3
DRIVERS      X11000 Y13000 - Pin: U2.4
DRIVERS      X17100 Y11400 - Pin: J4.3

LED4
DRIVERS      X13900 Y13000 - Pin: U3.4
DRIVERS      X17100 Y11300 - Pin: J4.4

LED5
DRIVERS      X5200  Y10200 - Pin: U8.4
DRIVERS      X17100 Y11200 - Pin: J4.5

LED6
DRIVERS      X8100  Y10200 - Pin: U10.4
DRIVERS      X17100 Y11100 - Pin: J4.6

LED7
DRIVERS      X11000 Y10200 - Pin: U11.4
DRIVERS      X17100 Y11000 - Pin: J4.7

LED8
DRIVERS      X13900 Y10200 - Pin: U12.4
DRIVERS      X17100 Y10900 - Pin: J4.8

PSA
MAIN         X6200  Y12200 - Pin: J2.1

PSB
MAIN         X6600  Y11900 - Pin: J1.2

SCL
MAIN         X11100 Y9600  - Pin: TP1.1
MAIN         X11000 Y6800  - Pin: R26.1

SDA
MAIN         X11100 Y9700  - Pin: TP2.1
MAIN         X11300 Y6800  - Pin: R27.1

SWD_CLK
MAIN         X12500 Y8900  - Pin: U7.12
MAIN         X14600 Y5700  - Pin: J3.4

SWD_DIO
MAIN         X12800 Y8900  - Pin: U7.15
MAIN         X14600 Y5800  - Pin: J3.2

UART0_RX
MAIN         X7000  Y9500  - Pin: U6.3
MAIN         X12700 Y11200 - Pin: TP3.1

UART0_TX
MAIN         X12600 Y11200 - Pin: TP6.1
MAIN         X12700 Y4000  - Pin: R48.2
